#
# A fatal error has been detected by the Java Runtime Environment:
#
#  SIGSEGV (0xb) at pc=0x00000001065627e4, pid=78154, tid=17155
#
# JRE version: Java(TM) SE Runtime Environment (8.0_25-b17) (build 1.8.0_25-b17)
# Java VM: Java HotSpot(TM) 64-Bit Server VM (25.25-b02 mixed mode bsd-amd64 compressed oops)
# Problematic frame:
# V  [libjvm.dylib+0x3627e4]  JvmtiEnv::GetClassMethods(oopDesc*, int*, _jmethodID***)+0x122
#
# Failed to write core dump. Core dumps have been disabled. To enable core dumping, try "ulimit -c unlimited" before starting Java again
#
# If you would like to submit a bug report, please visit:
#   http://bugreport.sun.com/bugreport/crash.jsp
#

---------------  T H R E A D  ---------------

Current thread (0x00007fec7c013000):  JavaThread "JDWP Transport Listener: dt_socket" daemon [_thread_in_vm, id=17155, stack(0x0000700000b3b000,0x0000700000c3b000)]

siginfo: si_signo: 11 (SIGSEGV), si_code: 1 (SEGV_MAPERR), si_addr: 0x00007fecc42fbe40

Registers:
RAX=0x00007fec7bd886c0, RBX=0x00000007c01002b8, RCX=0x0000000000000001, RDX=0x00007fec7bc22850
RSP=0x0000700000c3a970, RBP=0x0000700000c3a9f0, RSI=0x0000000000000000, RDI=0x00007fec7bc225a0
R8 =0x0000700000c3a8e0, R9 =0x0000700000c3a8d8, R10=0x00007fec7be7f440, R11=0x00007fec7bd00000
R12=0x000000000000000a, R13=0x0000000009090a00, R14=0x000000000000000b, R15=0x00007fec7be76e40
RIP=0x00000001065627e4, EFLAGS=0x0000000000010202, ERR=0x0000000000000006
  TRAPNO=0x000000000000000e

Top of Stack: (sp=0x0000700000c3a970)
0x0000700000c3a970:   0000700000c3a980 000000000000000b
0x0000700000c3a980:   0000700000c3aa84 0000700000c3aa78
0x0000700000c3a990:   00007fec7c013000 00007fec7bc223b0
0x0000700000c3a9a0:   00007fec7bc22760 00007fec7bc22770
0x0000700000c3a9b0:   00007fec7bc22848 00000000000000d8
0x0000700000c3a9c0:   0000700000c3adb0 0000700000c3aa78
0x0000700000c3a9d0:   00007fec7bf01d30 00007fec7c013000
0x0000700000c3a9e0:   0000700000c3aa84 00000007966718b0
0x0000700000c3a9f0:   0000700000c3aa60 000000010653715f
0x0000700000c3aa00:   00007fec7c013000 00007fec7c013000
0x0000700000c3aa10:   0000000000000000 0000700000000000
0x0000700000c3aa20:   0000000000000000 00007fec7c013000
0x0000700000c3aa30:   00007fec7c013000 0000000000000001
0x0000700000c3aa40:   00007fec7be11118 00007fec7bd8e540
0x0000700000c3aa50:   0000700000c3ab08 0000700000c3ac90
0x0000700000c3aa60:   0000700000c3aad0 0000000105938205
0x0000700000c3aa70:   0000700000c3aaa0 0000000000000000
0x0000700000c3aa80:   0000000000000032 0000700000c3ab08
0x0000700000c3aa90:   0000700000c3ab08 0000000105966588
0x0000700000c3aaa0:   0000700000c3aac0 0000700000c3ac90
0x0000700000c3aab0:   000000010595aeca 00007fec7bd8e540
0x0000700000c3aac0:   0000700000c3ab08 0000000105966588
0x0000700000c3aad0:   0000700000c3aae0 000000010593835c
0x0000700000c3aae0:   0000700000c3ad00 00000001059418f6
0x0000700000c3aaf0:   00018c6c00000013 00000000000f0200
0x0000700000c3ab00:   00007fec7bd1b2a0 0000700000c3ab58
0x0000700000c3ab10:   00007fec0000012c 0000700000c3ab20
0x0000700000c3ab20:   00007fec00000000 0000700000c3ab58
0x0000700000c3ab30:   0000000000000000 0000000000000000
0x0000700000c3ab40:   00018c6c0000000f 0000000000000080
0x0000700000c3ab50:   0000700000c3ab58 05000000c4000000
0x0000700000c3ab60:   000000010000d3b9 0000000004000000 

Instructions: (pc=0x00000001065627e4)
0x00000001065627c4:   45 31 e4 48 8b 83 80 01 00 00 48 8b 8b a0 01 00
0x00000001065627d4:   00 4e 63 6c a1 04 4a 8b 7c e0 08 e8 90 84 fa ff
0x00000001065627e4:   4b 89 04 ef 49 ff c4 4d 39 e6 75 d7 48 8b 45 88
0x00000001065627f4:   48 8b 55 90 89 02 48 8b 4d 98 4c 89 39 31 db 48 

Register to memory mapping:

RAX=0x00007fec7bd886c0 is an unknown value
RBX=0x00000007c01002b8 is pointing into metadata
RCX=0x0000000000000001 is an unknown value
RDX=0x00007fec7bc22850 is an unknown value
RSP=0x0000700000c3a970 is pointing into the stack for thread: 0x00007fec7c013000
RBP=0x0000700000c3a9f0 is pointing into the stack for thread: 0x00007fec7c013000
RSI=0x0000000000000000 is an unknown value
RDI=0x00007fec7bc225a0 is an unknown value
R8 =0x0000700000c3a8e0 is pointing into the stack for thread: 0x00007fec7c013000
R9 =0x0000700000c3a8d8 is pointing into the stack for thread: 0x00007fec7c013000
R10=0x00007fec7be7f440 is an unknown value
R11=0x00007fec7bd00000 is an unknown value
R12=0x000000000000000a is an unknown value
R13=0x0000000009090a00 is an unknown value
R14=0x000000000000000b is an unknown value
R15=0x00007fec7be76e40 is an unknown value


Stack: [0x0000700000b3b000,0x0000700000c3b000],  sp=0x0000700000c3a970,  free space=1022k
Native frames: (J=compiled Java code, j=interpreted, Vv=VM code, C=native code)
V  [libjvm.dylib+0x3627e4]  JvmtiEnv::GetClassMethods(oopDesc*, int*, _jmethodID***)+0x122
V  [libjvm.dylib+0x33715f]  jvmti_GetClassMethods+0x130
C  [libjdwp.dylib+0x5205]  methods1+0xad
C  [libjdwp.dylib+0x535c]  methodsWithGeneric+0xe
C  [libjdwp.dylib+0xe8f6]  debugLoop_run+0x1ce
C  [libjdwp.dylib+0x1f716]  attachThread+0x4d
V  [libjvm.dylib+0x3762ce]  JvmtiAgentThread::call_start_function()+0x38
V  [libjvm.dylib+0x535ed9]  JavaThread::thread_main_inner()+0x9b
V  [libjvm.dylib+0x53761c]  JavaThread::run()+0x1c2
V  [libjvm.dylib+0x45d87e]  java_start(Thread*)+0xf6
C  [libsystem_pthread.dylib+0x399d]  _pthread_body+0x83
C  [libsystem_pthread.dylib+0x391a]  _pthread_body+0x0
C  [libsystem_pthread.dylib+0x1351]  thread_start+0xd
C  0x0000000000000000


---------------  P R O C E S S  ---------------

Java Threads: ( => current thread )
  0x00007fec7c094000 JavaThread "Service Thread" daemon [_thread_blocked, id=20227, stack(0x000070000114d000,0x000070000124d000)]
  0x00007fec7d8db000 JavaThread "C1 CompilerThread2" daemon [_thread_blocked, id=19715, stack(0x000070000104a000,0x000070000114a000)]
  0x00007fec7d8da000 JavaThread "C2 CompilerThread1" daemon [_thread_blocked, id=19203, stack(0x0000700000f47000,0x0000700001047000)]
  0x00007fec7d88f000 JavaThread "C2 CompilerThread0" daemon [_thread_blocked, id=18691, stack(0x0000700000e44000,0x0000700000f44000)]
  0x00007fec7d880000 JavaThread "JDWP Command Reader" daemon [_thread_in_native, id=18179, stack(0x0000700000d41000,0x0000700000e41000)]
  0x00007fec7c012000 JavaThread "JDWP Event Helper Thread" daemon [_thread_blocked, id=17667, stack(0x0000700000c3e000,0x0000700000d3e000)]
=>0x00007fec7c013000 JavaThread "JDWP Transport Listener: dt_socket" daemon [_thread_in_vm, id=17155, stack(0x0000700000b3b000,0x0000700000c3b000)]
  0x00007fec7d017800 JavaThread "Signal Dispatcher" daemon [_thread_blocked, id=13323, stack(0x0000700000a38000,0x0000700000b38000)]
  0x00007fec7d002000 JavaThread "Finalizer" daemon [_thread_blocked, id=12291, stack(0x000070000082f000,0x000070000092f000)]
  0x00007fec7d879000 JavaThread "Reference Handler" daemon [_thread_blocked, id=11779, stack(0x000070000072c000,0x000070000082c000)]
  0x00007fec7d81d000 JavaThread "main" [_thread_blocked, id=5891, stack(0x000070000011a000,0x000070000021a000)]

Other Threads:
  0x00007fec7d874800 VMThread [stack: 0x0000700000629000,0x0000700000729000] [id=11267]
  0x00007fec7d016000 WatcherThread [stack: 0x0000700001250000,0x0000700001350000] [id=20739]

VM state:not at safepoint (normal execution)

VM Mutex/Monitor currently owned by a thread: None

Heap:
 PSYoungGen      total 38400K, used 20125K [0x0000000795580000, 0x0000000798000000, 0x00000007c0000000)
  eden space 33280K, 60% used [0x0000000795580000,0x00000007969277a8,0x0000000797600000)
  from space 5120K, 0% used [0x0000000797b00000,0x0000000797b00000,0x0000000798000000)
  to   space 5120K, 0% used [0x0000000797600000,0x0000000797600000,0x0000000797b00000)
 ParOldGen       total 87552K, used 0K [0x0000000740000000, 0x0000000745580000, 0x0000000795580000)
  object space 87552K, 0% used [0x0000000740000000,0x0000000740000000,0x0000000745580000)
 Metaspace       used 7895K, capacity 8636K, committed 8832K, reserved 1056768K
  class space    used 1001K, capacity 1131K, committed 1152K, reserved 1048576K

Card table byte_map: [0x00000001164dc000,0x00000001168dd000] byte_map_base: 0x0000000112adc000

Marking Bits: (ParMarkBitMap*) 0x0000000106a9d390
 Begin Bits: [0x0000000116b88000, 0x0000000118b88000)
 End Bits:   [0x0000000118b88000, 0x000000011ab88000)

Polling page: 0x0000000105932000

CodeCache: size=245760Kb used=3084Kb max_used=3103Kb free=242675Kb
 bounds [0x000000010711c000, 0x000000010742c000, 0x000000011611c000]
 total_blobs=1156 nmethods=839 adapters=240
 compilation: enabled

Compilation events (10 events):
Event: 1.794 Thread 0x00007fec7d8db000 nmethod 835 0x0000000107416c90 code [0x0000000107416e20, 0x00000001074172e8]
Event: 1.799 Thread 0x00007fec7d8db000  836       3       sun.invoke.util.BytecodeDescriptor::unparseMethod (68 bytes)
Event: 1.803 Thread 0x00007fec7d8db000 nmethod 836 0x0000000107417450 code [0x00000001074176a0, 0x0000000107418598]
Event: 1.815 Thread 0x00007fec7d8db000  837       3       java.security.CodeSource::equals (60 bytes)
Event: 1.815 Thread 0x00007fec7d8db000 nmethod 837 0x000000010741a7d0 code [0x000000010741a980, 0x000000010741b178]
Event: 1.815 Thread 0x00007fec7d8db000  838       3       java.net.URL::equals (24 bytes)
Event: 1.816 Thread 0x00007fec7d8db000 nmethod 838 0x000000010741b350 code [0x000000010741b4e0, 0x000000010741b928]
Event: 1.816 Thread 0x00007fec7d8db000  839       3       java.net.URLStreamHandler::equals (45 bytes)
Event: 1.816 Thread 0x00007fec7d8db000 nmethod 839 0x000000010741ba10 code [0x000000010741bba0, 0x000000010741c0f8]
Event: 1.926 Thread 0x00007fec7d88f000 nmethod 834 0x0000000107420dd0 code [0x00000001074210c0, 0x0000000107422fb0]

GC Heap History (0 events):
No events

Deoptimization events (0 events):
No events

Internal exceptions (10 events):
Event: 1.759 Thread 0x00007fec7d81d000 Exception <a 'java/security/PrivilegedActionException'> (0x00000007967c9f58) thrown at [/HUDSON3/workspace/8-2-build-macosx-x86_64/jdk8u25/1514/hotspot/src/share/vm/prims/jvm.cpp, line 1312]
Event: 1.761 Thread 0x00007fec7d81d000 Exception <a 'java/security/PrivilegedActionException'> (0x00000007967d5680) thrown at [/HUDSON3/workspace/8-2-build-macosx-x86_64/jdk8u25/1514/hotspot/src/share/vm/prims/jvm.cpp, line 1312]
Event: 1.793 Thread 0x00007fec7d81d000 Exception <a 'java/security/PrivilegedActionException'> (0x0000000796822598) thrown at [/HUDSON3/workspace/8-2-build-macosx-x86_64/jdk8u25/1514/hotspot/src/share/vm/prims/jvm.cpp, line 1312]
Event: 1.795 Thread 0x00007fec7d81d000 Exception <a 'java/security/PrivilegedActionException'> (0x0000000796826a28) thrown at [/HUDSON3/workspace/8-2-build-macosx-x86_64/jdk8u25/1514/hotspot/src/share/vm/prims/jvm.cpp, line 1312]
Event: 1.804 Thread 0x00007fec7d81d000 Exception <a 'java/security/PrivilegedActionException'> (0x00000007968367e0) thrown at [/HUDSON3/workspace/8-2-build-macosx-x86_64/jdk8u25/1514/hotspot/src/share/vm/prims/jvm.cpp, line 1312]
Event: 1.807 Thread 0x00007fec7d81d000 Exception <a 'java/security/PrivilegedActionException'> (0x000000079683b908) thrown at [/HUDSON3/workspace/8-2-build-macosx-x86_64/jdk8u25/1514/hotspot/src/share/vm/prims/jvm.cpp, line 1312]
Event: 1.811 Thread 0x00007fec7d81d000 Exception <a 'java/security/PrivilegedActionException'> (0x000000079686ed30) thrown at [/HUDSON3/workspace/8-2-build-macosx-x86_64/jdk8u25/1514/hotspot/src/share/vm/prims/jvm.cpp, line 1312]
Event: 1.812 Thread 0x00007fec7d81d000 Exception <a 'java/security/PrivilegedActionException'> (0x0000000796873d80) thrown at [/HUDSON3/workspace/8-2-build-macosx-x86_64/jdk8u25/1514/hotspot/src/share/vm/prims/jvm.cpp, line 1312]
Event: 1.814 Thread 0x00007fec7d81d000 Exception <a 'java/security/PrivilegedActionException'> (0x000000079687ccf8) thrown at [/HUDSON3/workspace/8-2-build-macosx-x86_64/jdk8u25/1514/hotspot/src/share/vm/prims/jvm.cpp, line 1312]
Event: 1.814 Thread 0x00007fec7d81d000 Exception <a 'java/security/PrivilegedActionException'> (0x0000000796888410) thrown at [/HUDSON3/workspace/8-2-build-macosx-x86_64/jdk8u25/1514/hotspot/src/share/vm/prims/jvm.cpp, line 1312]

Events (10 events):
Event: 5284.921 Executing VM operation: ChangeBreakpoints
Event: 5284.922 Executing VM operation: ChangeBreakpoints done
Event: 5284.922 Executing VM operation: ChangeBreakpoints
Event: 5284.922 Executing VM operation: ChangeBreakpoints done
Event: 5284.923 Executing VM operation: ChangeBreakpoints
Event: 5284.923 Executing VM operation: ChangeBreakpoints done
Event: 5284.933 Executing VM operation: RedefineClasses
Event: 5284.966 Executing VM operation: RedefineClasses done
Event: 5284.970 Executing VM operation: GetOrSetLocal
Event: 5284.970 Executing VM operation: GetOrSetLocal done


Dynamic libraries:
0x000000000b6d7000 	/System/Library/Frameworks/Cocoa.framework/Versions/A/Cocoa
0x000000000b6d7000 	/System/Library/Frameworks/Security.framework/Versions/A/Security
0x000000000b6d7000 	/System/Library/Frameworks/ApplicationServices.framework/Versions/A/ApplicationServices
0x000000000b6d7000 	/usr/lib/libz.1.dylib
0x000000000b6d7000 	/usr/lib/libSystem.B.dylib
0x000000000b6d7000 	/usr/lib/libobjc.A.dylib
0x000000000b6d7000 	/System/Library/Frameworks/CoreFoundation.framework/Versions/A/CoreFoundation
0x000000000b6d7000 	/System/Library/Frameworks/Foundation.framework/Versions/C/Foundation
0x000000000b6d7000 	/System/Library/Frameworks/AppKit.framework/Versions/C/AppKit
0x000000000b6d7000 	/System/Library/Frameworks/CoreData.framework/Versions/A/CoreData
0x000000000b6d7000 	/System/Library/PrivateFrameworks/RemoteViewServices.framework/Versions/A/RemoteViewServices
0x000000000b6d7000 	/System/Library/PrivateFrameworks/UIFoundation.framework/Versions/A/UIFoundation
0x000000000b6d7000 	/usr/lib/libScreenReader.dylib
0x000000000b6d7000 	/System/Library/Frameworks/Accelerate.framework/Versions/A/Accelerate
0x000000000b6d7000 	/System/Library/Frameworks/IOSurface.framework/Versions/A/IOSurface
0x000000000b6d7000 	/System/Library/Frameworks/AudioToolbox.framework/Versions/A/AudioToolbox
0x000000000b6d7000 	/System/Library/Frameworks/AudioUnit.framework/Versions/A/AudioUnit
0x000000000b6d7000 	/System/Library/PrivateFrameworks/DataDetectorsCore.framework/Versions/A/DataDetectorsCore
0x000000000b6d7000 	/System/Library/PrivateFrameworks/DesktopServicesPriv.framework/Versions/A/DesktopServicesPriv
0x000000000b6d7000 	/System/Library/Frameworks/Carbon.framework/Versions/A/Frameworks/HIToolbox.framework/Versions/A/HIToolbox
0x000000000b6d7000 	/System/Library/Frameworks/QuartzCore.framework/Versions/A/QuartzCore
0x000000000b6d7000 	/System/Library/Frameworks/Carbon.framework/Versions/A/Frameworks/SpeechRecognition.framework/Versions/A/SpeechRecognition
0x000000000b6d7000 	/usr/lib/libauto.dylib
0x000000000b6d7000 	/usr/lib/libicucore.A.dylib
0x000000000b6d7000 	/usr/lib/libxml2.2.dylib
0x000000000b6d7000 	/System/Library/PrivateFrameworks/CoreUI.framework/Versions/A/CoreUI
0x000000000b6d7000 	/System/Library/Frameworks/CoreAudio.framework/Versions/A/CoreAudio
0x000000000b6d7000 	/System/Library/Frameworks/DiskArbitration.framework/Versions/A/DiskArbitration
0x000000000b6d7000 	/usr/lib/liblangid.dylib
0x000000000b6d7000 	/System/Library/PrivateFrameworks/MultitouchSupport.framework/Versions/A/MultitouchSupport
0x000000000b6d7000 	/System/Library/Frameworks/IOKit.framework/Versions/A/IOKit
0x000000000b6d7000 	/usr/lib/libDiagnosticMessagesClient.dylib
0x000000000b6d7000 	/System/Library/Frameworks/CoreServices.framework/Versions/A/CoreServices
0x000000000b6d7000 	/System/Library/PrivateFrameworks/PerformanceAnalysis.framework/Versions/A/PerformanceAnalysis
0x000000000b6d7000 	/System/Library/PrivateFrameworks/GenerationalStorage.framework/Versions/A/GenerationalStorage
0x000000000b6d7000 	/System/Library/Frameworks/OpenGL.framework/Versions/A/OpenGL
0x000000000b6d7000 	/System/Library/PrivateFrameworks/Sharing.framework/Versions/A/Sharing
0x000000000b6d7000 	/System/Library/Frameworks/CoreGraphics.framework/Versions/A/CoreGraphics
0x000000000b6d7000 	/System/Library/Frameworks/CoreImage.framework/Versions/A/CoreImage
0x000000000b6d7000 	/System/Library/Frameworks/CoreText.framework/Versions/A/CoreText
0x000000000b6d7000 	/System/Library/Frameworks/ImageIO.framework/Versions/A/ImageIO
0x000000000b6d7000 	/System/Library/PrivateFrameworks/Backup.framework/Versions/A/Backup
0x000000000b6d7000 	/usr/lib/libextension.dylib
0x000000000b6d7000 	/usr/lib/libarchive.2.dylib
0x000000000b6d7000 	/System/Library/Frameworks/CFNetwork.framework/Versions/A/CFNetwork
0x000000000b6d7000 	/System/Library/Frameworks/SystemConfiguration.framework/Versions/A/SystemConfiguration
0x000000000b6d7000 	/usr/lib/libCRFSuite.dylib
0x000000000b6d7000 	/usr/lib/libc++.1.dylib
0x000000000b6d7000 	/usr/lib/libc++abi.dylib
0x000000000b6d7000 	/usr/lib/system/libcache.dylib
0x000000000b6d7000 	/usr/lib/system/libcommonCrypto.dylib
0x000000000b6d7000 	/usr/lib/system/libcompiler_rt.dylib
0x000000000b6d7000 	/usr/lib/system/libcopyfile.dylib
0x000000000b6d7000 	/usr/lib/system/libcorecrypto.dylib
0x000000000b6d7000 	/usr/lib/system/libdispatch.dylib
0x000000000b6d7000 	/usr/lib/system/libdyld.dylib
0x000000000b6d7000 	/usr/lib/system/libkeymgr.dylib
0x000000000b6d7000 	/usr/lib/system/liblaunch.dylib
0x000000000b6d7000 	/usr/lib/system/libmacho.dylib
0x000000000b6d7000 	/usr/lib/system/libquarantine.dylib
0x000000000b6d7000 	/usr/lib/system/libremovefile.dylib
0x000000000b6d7000 	/usr/lib/system/libsystem_asl.dylib
0x000000000b6d7000 	/usr/lib/system/libsystem_blocks.dylib
0x000000000b6d7000 	/usr/lib/system/libsystem_c.dylib
0x000000000b6d7000 	/usr/lib/system/libsystem_configuration.dylib
0x000000000b6d7000 	/usr/lib/system/libsystem_coreservices.dylib
0x000000000b6d7000 	/usr/lib/system/libsystem_coretls.dylib
0x000000000b6d7000 	/usr/lib/system/libsystem_dnssd.dylib
0x000000000b6d7000 	/usr/lib/system/libsystem_info.dylib
0x000000000b6d7000 	/usr/lib/system/libsystem_kernel.dylib
0x000000000b6d7000 	/usr/lib/system/libsystem_m.dylib
0x000000000b6d7000 	/usr/lib/system/libsystem_malloc.dylib
0x000000000b6d7000 	/usr/lib/system/libsystem_network.dylib
0x000000000b6d7000 	/usr/lib/system/libsystem_networkextension.dylib
0x000000000b6d7000 	/usr/lib/system/libsystem_notify.dylib
0x000000000b6d7000 	/usr/lib/system/libsystem_platform.dylib
0x000000000b6d7000 	/usr/lib/system/libsystem_pthread.dylib
0x000000000b6d7000 	/usr/lib/system/libsystem_sandbox.dylib
0x000000000b6d7000 	/usr/lib/system/libsystem_secinit.dylib
0x000000000b6d7000 	/usr/lib/system/libsystem_trace.dylib
0x000000000b6d7000 	/usr/lib/system/libunc.dylib
0x000000000b6d7000 	/usr/lib/system/libunwind.dylib
0x000000000b6d7000 	/usr/lib/system/libxpc.dylib
0x000000000b6d7000 	/usr/lib/libenergytrace.dylib
0x000000000b6d7000 	/usr/lib/libbsm.0.dylib
0x000000000b6d7000 	/usr/lib/system/libkxld.dylib
0x000000000b6d7000 	/usr/lib/libxar.1.dylib
0x000000000b6d7000 	/usr/lib/libsqlite3.dylib
0x000000000b6d7000 	/usr/lib/libpam.2.dylib
0x000000000b6d7000 	/usr/lib/libOpenScriptingUtil.dylib
0x000000000b6d7000 	/usr/lib/libbz2.1.0.dylib
0x000000000b6d7000 	/usr/lib/liblzma.5.dylib
0x000000000b6d7000 	/System/Library/Frameworks/CoreServices.framework/Versions/A/Frameworks/FSEvents.framework/Versions/A/FSEvents
0x000000000b6d7000 	/System/Library/Frameworks/CoreServices.framework/Versions/A/Frameworks/CarbonCore.framework/Versions/A/CarbonCore
0x000000000b6d7000 	/System/Library/Frameworks/CoreServices.framework/Versions/A/Frameworks/Metadata.framework/Versions/A/Metadata
0x000000000b6d7000 	/System/Library/Frameworks/CoreServices.framework/Versions/A/Frameworks/OSServices.framework/Versions/A/OSServices
0x000000000b6d7000 	/System/Library/Frameworks/CoreServices.framework/Versions/A/Frameworks/SearchKit.framework/Versions/A/SearchKit
0x000000000b6d7000 	/System/Library/Frameworks/CoreServices.framework/Versions/A/Frameworks/AE.framework/Versions/A/AE
0x000000000b6d7000 	/System/Library/Frameworks/CoreServices.framework/Versions/A/Frameworks/LaunchServices.framework/Versions/A/LaunchServices
0x000000000b6d7000 	/System/Library/Frameworks/CoreServices.framework/Versions/A/Frameworks/DictionaryServices.framework/Versions/A/DictionaryServices
0x000000000b6d7000 	/System/Library/Frameworks/CoreServices.framework/Versions/A/Frameworks/SharedFileList.framework/Versions/A/SharedFileList
0x000000000b6d7000 	/System/Library/Frameworks/NetFS.framework/Versions/A/NetFS
0x000000000b6d7000 	/System/Library/PrivateFrameworks/NetAuth.framework/Versions/A/NetAuth
0x000000000b6d7000 	/System/Library/PrivateFrameworks/login.framework/Versions/A/Frameworks/loginsupport.framework/Versions/A/loginsupport
0x000000000b6d7000 	/System/Library/PrivateFrameworks/TCC.framework/Versions/A/TCC
0x000000000b6d7000 	/usr/lib/libmecabra.dylib
0x000000000b6d7000 	/System/Library/Frameworks/ApplicationServices.framework/Versions/A/Frameworks/ATS.framework/Versions/A/ATS
0x000000000b6d7000 	/System/Library/Frameworks/ApplicationServices.framework/Versions/A/Frameworks/ColorSync.framework/Versions/A/ColorSync
0x000000000b6d7000 	/System/Library/Frameworks/ApplicationServices.framework/Versions/A/Frameworks/HIServices.framework/Versions/A/HIServices
0x000000000b6d7000 	/System/Library/Frameworks/ApplicationServices.framework/Versions/A/Frameworks/LangAnalysis.framework/Versions/A/LangAnalysis
0x000000000b6d7000 	/System/Library/Frameworks/ApplicationServices.framework/Versions/A/Frameworks/PrintCore.framework/Versions/A/PrintCore
0x000000000b6d7000 	/System/Library/Frameworks/ApplicationServices.framework/Versions/A/Frameworks/QD.framework/Versions/A/QD
0x000000000b6d7000 	/System/Library/Frameworks/ApplicationServices.framework/Versions/A/Frameworks/SpeechSynthesis.framework/Versions/A/SpeechSynthesis
0x000000000b6d7000 	/System/Library/Frameworks/Metal.framework/Versions/A/Metal
0x000000000b6d7000 	/System/Library/Frameworks/Accelerate.framework/Versions/A/Frameworks/vImage.framework/Versions/A/vImage
0x000000000b6d7000 	/System/Library/Frameworks/Accelerate.framework/Versions/A/Frameworks/vecLib.framework/Versions/A/vecLib
0x000000000b6d7000 	/System/Library/Frameworks/Accelerate.framework/Versions/A/Frameworks/vecLib.framework/Versions/A/libvDSP.dylib
0x000000000b6d7000 	/System/Library/Frameworks/Accelerate.framework/Versions/A/Frameworks/vecLib.framework/Versions/A/libvMisc.dylib
0x000000000b6d7000 	/System/Library/Frameworks/Accelerate.framework/Versions/A/Frameworks/vecLib.framework/Versions/A/libLAPACK.dylib
0x000000000b6d7000 	/System/Library/Frameworks/Accelerate.framework/Versions/A/Frameworks/vecLib.framework/Versions/A/libBLAS.dylib
0x000000000b6d7000 	/System/Library/Frameworks/Accelerate.framework/Versions/A/Frameworks/vecLib.framework/Versions/A/libLinearAlgebra.dylib
0x000000000b6d7000 	/System/Library/Frameworks/Accelerate.framework/Versions/A/Frameworks/vecLib.framework/Versions/A/libSparseBLAS.dylib
0x000000000b6d7000 	/System/Library/PrivateFrameworks/GPUCompiler.framework/libmetal_timestamp.dylib
0x000000000b6d7000 	/System/Library/Frameworks/OpenGL.framework/Versions/A/Libraries/libCoreFSCache.dylib
0x000000000b6d7000 	/System/Library/PrivateFrameworks/IOAccelerator.framework/Versions/A/IOAccelerator
0x000000000b6d7000 	/System/Library/Frameworks/ApplicationServices.framework/Versions/A/Frameworks/ATS.framework/Versions/A/Resources/libFontParser.dylib
0x000000000b6d7000 	/System/Library/Frameworks/ApplicationServices.framework/Versions/A/Frameworks/ATS.framework/Versions/A/Resources/libFontRegistry.dylib
0x000000000b6d7000 	/System/Library/PrivateFrameworks/AppleVPA.framework/Versions/A/AppleVPA
0x000000000b6d7000 	/System/Library/PrivateFrameworks/AppleJPEG.framework/Versions/A/AppleJPEG
0x000000000b6d7000 	/System/Library/Frameworks/ImageIO.framework/Versions/A/Resources/libJPEG.dylib
0x000000000b6d7000 	/System/Library/Frameworks/ImageIO.framework/Versions/A/Resources/libTIFF.dylib
0x000000000b6d7000 	/System/Library/Frameworks/ImageIO.framework/Versions/A/Resources/libPng.dylib
0x000000000b6d7000 	/System/Library/Frameworks/ImageIO.framework/Versions/A/Resources/libGIF.dylib
0x000000000b6d7000 	/System/Library/Frameworks/ImageIO.framework/Versions/A/Resources/libJP2.dylib
0x000000000b6d7000 	/System/Library/Frameworks/ImageIO.framework/Versions/A/Resources/libRadiance.dylib
0x000000000b6d7000 	/System/Library/Frameworks/CoreVideo.framework/Versions/A/CoreVideo
0x000000000b6d7000 	/System/Library/Frameworks/OpenGL.framework/Versions/A/Libraries/libGLU.dylib
0x000000000b6d7000 	/System/Library/Frameworks/OpenGL.framework/Versions/A/Libraries/libGFXShared.dylib
0x000000000b6d7000 	/System/Library/Frameworks/OpenGL.framework/Versions/A/Libraries/libGL.dylib
0x000000000b6d7000 	/System/Library/Frameworks/OpenGL.framework/Versions/A/Libraries/libGLImage.dylib
0x000000000b6d7000 	/System/Library/Frameworks/OpenGL.framework/Versions/A/Libraries/libCVMSPluginSupport.dylib
0x000000000b6d7000 	/System/Library/Frameworks/OpenGL.framework/Versions/A/Libraries/libCoreVMClient.dylib
0x000000000b6d7000 	/usr/lib/libcompression.dylib
0x000000000b6d7000 	/usr/lib/libcups.2.dylib
0x000000000b6d7000 	/System/Library/Frameworks/Kerberos.framework/Versions/A/Kerberos
0x000000000b6d7000 	/System/Library/Frameworks/GSS.framework/Versions/A/GSS
0x000000000b6d7000 	/usr/lib/libresolv.9.dylib
0x000000000b6d7000 	/usr/lib/libiconv.2.dylib
0x000000000b6d7000 	/System/Library/PrivateFrameworks/Heimdal.framework/Versions/A/Heimdal
0x000000000b6d7000 	/usr/lib/libheimdal-asn1.dylib
0x000000000b6d7000 	/System/Library/Frameworks/OpenDirectory.framework/Versions/A/OpenDirectory
0x000000000b6d7000 	/System/Library/PrivateFrameworks/CommonAuth.framework/Versions/A/CommonAuth
0x000000000b6d7000 	/System/Library/Frameworks/OpenDirectory.framework/Versions/A/Frameworks/CFOpenDirectory.framework/Versions/A/CFOpenDirectory
0x000000000b6d7000 	/System/Library/Frameworks/SecurityFoundation.framework/Versions/A/SecurityFoundation
0x000000000b6d7000 	/System/Library/PrivateFrameworks/LanguageModeling.framework/Versions/A/LanguageModeling
0x000000000b6d7000 	/usr/lib/libmarisa.dylib
0x000000000b6d7000 	/usr/lib/libChineseTokenizer.dylib
0x000000000b6d7000 	/usr/lib/libcmph.dylib
0x000000000b6d7000 	/System/Library/Frameworks/ServiceManagement.framework/Versions/A/ServiceManagement
0x000000000b6d7000 	/usr/lib/libxslt.1.dylib
0x000000000b6d7000 	/System/Library/Frameworks/Carbon.framework/Versions/A/Frameworks/Ink.framework/Versions/A/Ink
0x000000000b6d7000 	/usr/lib/libFosl_dynamic.dylib
0x000000000b6d7000 	/System/Library/PrivateFrameworks/FaceCore.framework/Versions/A/FaceCore
0x000000000b6d7000 	/System/Library/Frameworks/OpenCL.framework/Versions/A/OpenCL
0x000000000b6d7000 	/System/Library/PrivateFrameworks/CrashReporterSupport.framework/Versions/A/CrashReporterSupport
0x000000000b6d7000 	/System/Library/PrivateFrameworks/IconServices.framework/Versions/A/IconServices
0x000000000b6d7000 	/System/Library/PrivateFrameworks/Apple80211.framework/Versions/A/Apple80211
0x000000000b6d7000 	/System/Library/Frameworks/CoreWLAN.framework/Versions/A/CoreWLAN
0x000000000b6d7000 	/System/Library/Frameworks/IOBluetooth.framework/Versions/A/IOBluetooth
0x000000000b6d7000 	/System/Library/PrivateFrameworks/CoreWiFi.framework/Versions/A/CoreWiFi
0x000000000b6d7000 	/System/Library/Frameworks/CoreBluetooth.framework/Versions/A/CoreBluetooth
0x000000000b6d7000 	/System/Library/PrivateFrameworks/ChunkingLibrary.framework/Versions/A/ChunkingLibrary
0x000000000b6d7000 	/System/Library/PrivateFrameworks/DebugSymbols.framework/Versions/A/DebugSymbols
0x000000000b6d7000 	/System/Library/PrivateFrameworks/CoreSymbolication.framework/Versions/A/CoreSymbolication
0x000000000b6d7000 	/System/Library/PrivateFrameworks/Symbolication.framework/Versions/A/Symbolication
0x000000000b6d7000 	/System/Library/PrivateFrameworks/SpeechRecognitionCore.framework/Versions/A/SpeechRecognitionCore
0x0000000106200000 	/Library/Java/JavaVirtualMachines/jdk1.8.0_25.jdk/Contents/Home/jre/lib/server/libjvm.dylib
0x000000000b6d7000 	/usr/lib/libstdc++.6.dylib
0x00000001058f0000 	/Library/Java/JavaVirtualMachines/jdk1.8.0_25.jdk/Contents/Home/jre/lib/libverify.dylib
0x00000001058fe000 	/Library/Java/JavaVirtualMachines/jdk1.8.0_25.jdk/Contents/Home/jre/lib/libjava.dylib
0x0000000105933000 	/Library/Java/JavaVirtualMachines/jdk1.8.0_25.jdk/Contents/Home/jre/lib/libjdwp.dylib
0x000000010597e000 	/Library/Java/JavaVirtualMachines/jdk1.8.0_25.jdk/Contents/Home/jre/lib/libnpt.dylib
0x0000000105982000 	/Library/Java/JavaVirtualMachines/jdk1.8.0_25.jdk/Contents/Home/jre/lib/libinstrument.dylib
0x00000001059e0000 	/Library/Java/JavaVirtualMachines/jdk1.8.0_25.jdk/Contents/Home/jre/lib/libzip.dylib
0x000000011ca53000 	/System/Library/Frameworks/JavaVM.framework/Frameworks/JavaRuntimeSupport.framework/JavaRuntimeSupport
0x00000001059e9000 	/System/Library/Frameworks/JavaVM.framework/Versions/A/Frameworks/JavaNativeFoundation.framework/Versions/A/JavaNativeFoundation
0x000000011ca6e000 	/System/Library/Frameworks/JavaVM.framework/Versions/A/JavaVM
0x000000000b6d7000 	/System/Library/Frameworks/Carbon.framework/Versions/A/Carbon
0x000000011ca7b000 	/System/Library/PrivateFrameworks/JavaLaunching.framework/Versions/A/JavaLaunching
0x000000000b6d7000 	/System/Library/Frameworks/Carbon.framework/Versions/A/Frameworks/CommonPanels.framework/Versions/A/CommonPanels
0x000000000b6d7000 	/System/Library/Frameworks/Carbon.framework/Versions/A/Frameworks/Help.framework/Versions/A/Help
0x000000000b6d7000 	/System/Library/Frameworks/Carbon.framework/Versions/A/Frameworks/ImageCapture.framework/Versions/A/ImageCapture
0x000000000b6d7000 	/System/Library/Frameworks/Carbon.framework/Versions/A/Frameworks/OpenScripting.framework/Versions/A/OpenScripting
0x000000000b6d7000 	/System/Library/Frameworks/Carbon.framework/Versions/A/Frameworks/Print.framework/Versions/A/Print
0x000000000b6d7000 	/System/Library/Frameworks/Carbon.framework/Versions/A/Frameworks/SecurityHI.framework/Versions/A/SecurityHI
0x000000011e39c000 	/Library/Java/JavaVirtualMachines/jdk1.8.0_25.jdk/Contents/Home/jre/lib/libdt_socket.dylib

VM Arguments:
jvm_args: -agentlib:jdwp=transport=dt_socket,address=127.0.0.1:58256,suspend=y,server=n -ea -Didea.test.cyclic.buffer.size=1048576 -javaagent:/Users/aankhi/Library/Caches/IdeaIC2018.2/captureAgent/debugger-agent.jar=file:/private/var/folders/8s/p37p33r11dd56qt3mfd4_xm00000gn/T/capture.props -Dfile.encoding=UTF-8 
java_command: com.intellij.rt.execution.junit.JUnitStarter -ideVersion5 -junit5 LiveOrderBoardTest,checkCorrectnessOfSummaryOfOrders
java_class_path (initial): /Applications/IntelliJ IDEA CE.app/Contents/lib/idea_rt.jar:/Applications/IntelliJ IDEA CE.app/Contents/plugins/junit/lib/junit-rt.jar:/Applications/IntelliJ IDEA CE.app/Contents/plugins/junit/lib/junit5-rt.jar:/Users/aankhi/.m2/repository/org/junit/platform/junit-platform-launcher/1.5.0-M1/junit-platform-launcher-1.5.0-M1.jar:/Users/aankhi/.m2/repository/org/apiguardian/apiguardian-api/1.0.0/apiguardian-api-1.0.0.jar:/Users/aankhi/.m2/repository/org/junit/platform/junit-platform-engine/1.5.0-M1/junit-platform-engine-1.5.0-M1.jar:/Users/aankhi/.m2/repository/org/opentest4j/opentest4j/1.1.1/opentest4j-1.1.1.jar:/Users/aankhi/.m2/repository/org/junit/platform/junit-platform-commons/1.5.0-M1/junit-platform-commons-1.5.0-M1.jar:/Users/aankhi/.m2/repository/org/junit/jupiter/junit-jupiter-engine/5.5.0-M1/junit-jupiter-engine-5.5.0-M1.jar:/Users/aankhi/.m2/repository/org/junit/jupiter/junit-jupiter-api/5.5.0-M1/junit-jupiter-api-5.5.0-M1.jar:/Library/Java/JavaVirtualMachines/jdk1.8.0_25.jdk/Contents/Home/jre/lib/charsets.jar:/Library/Java/JavaVirtualMachines/jdk1.8.0_25.jdk/Contents/Home/jre/lib/deploy.jar:/Library/Java/JavaVirtualMachines/jdk1.8.0_25.jdk/Contents/Home/jre/lib/ext/cldrdata.jar:/Library/Java/JavaVirtualMachines/jdk1.8.0_25.jdk/Contents/Home/jre/lib/ext/dnsns.jar:/Library/Java/JavaVirtualMachines/jdk1.8.0_25.jdk/Contents/Home/jre/lib/ext/jfxrt.jar:/Library/Java/JavaVirtualMachines/jdk1.8.0_25.jdk/Contents/Home/jre/lib/ext/localedata.jar:/Library/Java/JavaVirtualMachines/jdk1.8.0_25.jdk/Contents/Home/jre/lib/ext/nashorn.jar:/Library/Java/JavaVirtualMachines/jdk1.8.0_25.jdk/Contents/Home/jre/lib/ext/sunec.jar:/Library/Java/JavaVirtualMachines/jdk1.8.0_25.jdk/Contents/Home/jre/lib/ext/sunjce_provider.jar:/Library/Java/JavaVirtualMachines/jdk1.8.0_25.jdk/Contents/Home/jre/lib/ext/sunpkcs11.jar:/Library/Java/JavaVirtualMachines/jdk1.8.0_25.jdk/Contents/Home/jre/lib/ext/zipfs.jar:/Library/Java/JavaVirtualMachines/jdk1.8.0_25.jdk/Conte
Launcher Type: SUN_STANDARD

Environment Variables:
PATH=/Library/Frameworks/Python.framework/Versions/3.4/bin:/usr/local/bin:/usr/bin:/bin:/usr/sbin:/sbin:/opt/X11/bin:/usr/local/git/bin
SHELL=/bin/bash
DISPLAY=/private/tmp/com.apple.launchd.4qDmp6tqNx/org.macosforge.xquartz:0

Signal Handlers:
SIGSEGV: [libjvm.dylib+0x579dc7], sa_mask[0]=11111111011111110111111111111111, sa_flags=SA_ONSTACK|SA_RESTART|SA_SIGINFO
SIGBUS: [libjvm.dylib+0x579dc7], sa_mask[0]=11111111011111110111111111111111, sa_flags=SA_RESTART|SA_SIGINFO
SIGFPE: [libjvm.dylib+0x45b030], sa_mask[0]=11111111011111110111111111111111, sa_flags=SA_RESTART|SA_SIGINFO
SIGPIPE: [libjvm.dylib+0x45b030], sa_mask[0]=11111111011111110111111111111111, sa_flags=SA_RESTART|SA_SIGINFO
SIGXFSZ: [libjvm.dylib+0x45b030], sa_mask[0]=11111111011111110111111111111111, sa_flags=SA_RESTART|SA_SIGINFO
SIGILL: [libjvm.dylib+0x45b030], sa_mask[0]=11111111011111110111111111111111, sa_flags=SA_RESTART|SA_SIGINFO
SIGUSR1: SIG_DFL, sa_mask[0]=00000000000000000000000000000000, sa_flags=none
SIGUSR2: [libjvm.dylib+0x45ab4e], sa_mask[0]=00100000000000000000000000000000, sa_flags=SA_RESTART|SA_SIGINFO
SIGHUP: [libjvm.dylib+0x459121], sa_mask[0]=11111111011111110111111111111111, sa_flags=SA_RESTART|SA_SIGINFO
SIGINT: [libjvm.dylib+0x459121], sa_mask[0]=11111111011111110111111111111111, sa_flags=SA_RESTART|SA_SIGINFO
SIGTERM: [libjvm.dylib+0x459121], sa_mask[0]=11111111011111110111111111111111, sa_flags=SA_RESTART|SA_SIGINFO
SIGQUIT: [libjvm.dylib+0x459121], sa_mask[0]=11111111011111110111111111111111, sa_flags=SA_RESTART|SA_SIGINFO


---------------  S Y S T E M  ---------------

OS:Bsduname:Darwin 15.6.0 Darwin Kernel Version 15.6.0: Sun Jun  4 21:43:07 PDT 2017; root:xnu-3248.70.3~1/RELEASE_X86_64 x86_64
rlimit: STACK 8192k, CORE 0k, NPROC 709, NOFILE 10240, AS infinity
load average:3.87 4.13 3.82

CPU:total 4 (2 cores per cpu, 2 threads per core) family 6 model 69 stepping 1, cmov, cx8, fxsr, mmx, sse, sse2, sse3, ssse3, sse4.1, sse4.2, popcnt, avx, avx2, aes, clmul, erms, lzcnt, ht, tsc, tscinvbit, bmi1, bmi2

Memory: 4k page, physical 8388608k(79876k free)

/proc/meminfo:


vm_info: Java HotSpot(TM) 64-Bit Server VM (25.25-b02) for bsd-amd64 JRE (1.8.0_25-b17), built on Sep 17 2014 16:56:50 by "java_re" with gcc 4.2.1 (Based on Apple Inc. build 5658) (LLVM build 2336.11.00)

time: Thu Apr 18 15:00:05 2019
elapsed time: 5285 seconds (0d 1h 28m 5s)

